<?xml version="1.0" encoding="UTF-8"?>
<testng-results skipped="0" failed="0" total="1" passed="1">
  <reporter-output>
  </reporter-output>
  <suite name="Default suite" duration-ms="54309" started-at="2015-05-26T07:17:24Z" finished-at="2015-05-26T07:18:18Z">
    <groups>
    </groups>
    <test name="Default test" duration-ms="54309" started-at="2015-05-26T07:17:24Z" finished-at="2015-05-26T07:18:18Z">
      <class name="automationmoboltproduct.Javascriptextraction">
        <test-method status="PASS" signature="beforeTest()[pri:0, instance:automationmoboltproduct.Javascriptextraction@4ec6a292]" name="beforeTest" is-config="true" duration-ms="17137" started-at="2015-05-26T12:47:24Z" finished-at="2015-05-26T12:47:41Z">
          <reporter-output>
          </reporter-output>
        </test-method> <!-- beforeTest -->
        <test-method status="PASS" signature="f()[pri:0, instance:automationmoboltproduct.Javascriptextraction@4ec6a292]" name="f" duration-ms="37155" started-at="2015-05-26T12:47:41Z" finished-at="2015-05-26T12:48:18Z">
          <reporter-output>
          </reporter-output>
        </test-method> <!-- f -->
        <test-method status="PASS" signature="afterTest()[pri:0, instance:automationmoboltproduct.Javascriptextraction@4ec6a292]" name="afterTest" is-config="true" duration-ms="0" started-at="2015-05-26T12:48:18Z" finished-at="2015-05-26T12:48:18Z">
          <reporter-output>
          </reporter-output>
        </test-method> <!-- afterTest -->
      </class> <!-- automationmoboltproduct.Javascriptextraction -->
    </test> <!-- Default test -->
  </suite> <!-- Default suite -->
</testng-results>
